

Version:	3.50
CmdLine:	D:\PRJCTS\CodeGenerator_2.0\out\NewCodeGenerator.exe --l4j-debug
JNI:		No
WOW64:		Yes
Working dir:	D:\PRJCTS\CodeGenerator_2.0\out\.
Requires JDK:	No
Requires 64-Bit: No
Java min ver:	
Java max ver:	
Substitute:	JAVA_HOME = 
Substitute:	PATH = C:\Program Files\Java\jdk-20;C:\Program Files (x86)\Common Files\Oracle\Java\javapath;C:\Windows\system32;C:\Windows;C:\Windows\System32\Wbem;C:\Windows\System32\WindowsPowerShell\v1.0\;C:\Windows\System32\OpenSSH\;C:\Program Files (x86)\2Pdf;C:\Program Files\gs\gs9.56.1\bin;C:\Program Files (x86)\QuickTime\QTSystem\;C:\Users\v.maklashov\AppData\Local\Microsoft\WindowsApps;C:\Program Files\Java\jdk-20\bin
JRE paths:	;C:\Program Files\Java\jdk-20;C:\Program Files (x86)\Common Files\Oracle\Java\javapath;C:\Windows\system32;C:\Windows;C:\Windows\System32\Wbem;C:\Windows\System32\WindowsPowerShell\v1.0\;C:\Windows\System32\OpenSSH\;C:\Program Files (x86)\2Pdf;C:\Program Files\gs\gs9.56.1\bin;C:\Program Files (x86)\QuickTime\QTSystem\;C:\Users\v.maklashov\AppData\Local\Microsoft\WindowsApps;C:\Program Files\Java\jdk-20\bin
Check launcher:	C:\Program Files\Java\jdk-20\bin\javaw.exe (OK)
Version string: 1.020.000_001 / 64-Bit (OK)
Launcher:	C:\Program Files\Java\jdk-20\bin\javaw.exe
Launcher args:	-jar "D:\PRJCTS\CodeGenerator_2.0\out\NewCodeGenerator.exe"
Args length:	59/32768 chars
Exit code:	0


Version:	3.50
CmdLine:	D:\PRJCTS\CodeGenerator_2.0\out\NewCodeGenerator.exe --l4j-debug
JNI:		No
WOW64:		Yes
Working dir:	D:\PRJCTS\CodeGenerator_2.0\out\.
Requires JDK:	No
Requires 64-Bit: No
Java min ver:	
Java max ver:	
Substitute:	JAVA_HOME = 
Substitute:	PATH = C:\Program Files\Java\jdk-20;C:\Program Files (x86)\Common Files\Oracle\Java\javapath;C:\Windows\system32;C:\Windows;C:\Windows\System32\Wbem;C:\Windows\System32\WindowsPowerShell\v1.0\;C:\Windows\System32\OpenSSH\;C:\Program Files (x86)\2Pdf;C:\Program Files\gs\gs9.56.1\bin;C:\Program Files (x86)\QuickTime\QTSystem\;C:\Users\v.maklashov\AppData\Local\Microsoft\WindowsApps;C:\Program Files\Java\jdk-20\bin
JRE paths:	;C:\Program Files\Java\jdk-20;C:\Program Files (x86)\Common Files\Oracle\Java\javapath;C:\Windows\system32;C:\Windows;C:\Windows\System32\Wbem;C:\Windows\System32\WindowsPowerShell\v1.0\;C:\Windows\System32\OpenSSH\;C:\Program Files (x86)\2Pdf;C:\Program Files\gs\gs9.56.1\bin;C:\Program Files (x86)\QuickTime\QTSystem\;C:\Users\v.maklashov\AppData\Local\Microsoft\WindowsApps;C:\Program Files\Java\jdk-20\bin
Check launcher:	C:\Program Files\Java\jdk-20\bin\javaw.exe (OK)
Version string: 1.020.000_001 / 64-Bit (OK)
Launcher:	C:\Program Files\Java\jdk-20\bin\javaw.exe
Launcher args:	-jar "D:\PRJCTS\CodeGenerator_2.0\out\NewCodeGenerator.exe"
Args length:	59/32768 chars
Exit code:	0
